<?xml version="1.0" encoding="UTF-8"?>
<testng-results skipped="0" failed="0" total="1" passed="1">
  <reporter-output>
  </reporter-output>
  <suite name="Default suite" duration-ms="205" started-at="2014-01-10T19:55:06Z" finished-at="2014-01-10T19:55:06Z">
    <groups>
    </groups>
    <test name="Default test" duration-ms="205" started-at="2014-01-10T19:55:06Z" finished-at="2014-01-10T19:55:06Z">
      <class name="maviebase.MovieServiceTest">
        <test-method status="PASS" signature="addAMovieandGetTheTotal()[pri:0, instance:maviebase.MovieServiceTest@6f0abf2c]" name="addAMovieandGetTheTotal" duration-ms="43" started-at="2014-01-10T11:55:06Z" finished-at="2014-01-10T11:55:06Z">
          <reporter-output>
          </reporter-output>
        </test-method> <!-- addAMovieandGetTheTotal -->
      </class> <!-- maviebase.MovieServiceTest -->
    </test> <!-- Default test -->
  </suite> <!-- Default suite -->
</testng-results>
